<?xml version="1.0" encoding="UTF-8"?>
<!-- Generated by org.testng.reporters.JUnitReportReporter -->
<testsuite hostname="DESKTOP-LJUN8GS" failures="0" tests="1" name="tests.SchemaValidator" time="1.154" errors="0" timestamp="2023-05-21T19:33:34 EET" skipped="0">
  <testcase classname="tests.SchemaValidator" name="testgetall" time="1.154"/>
  <system-out/>
</testsuite> <!-- tests.SchemaValidator -->
