<?xml version="1.0" encoding="UTF-8"?>
<!-- Generated by org.testng.reporters.JUnitReportReporter -->
<testsuite hostname="DESKTOP-LJUN8GS" failures="0" tests="1" name="tests.DeletePersonTest" time="0.044" errors="0" timestamp="2023-05-22T15:36:25 EET" skipped="0">
  <testcase classname="tests.DeletePersonTest" name="deletePersonTest" time="0.044"/>
  <system-out/>
</testsuite> <!-- tests.DeletePersonTest -->
