<?xml version="1.0" encoding="UTF-8"?>
<!-- Generated by org.testng.reporters.JUnitReportReporter -->
<testsuite hostname="DESKTOP-LJUN8GS" failures="0" tests="3" name="tests.E2E" time="0.129" errors="0" timestamp="2023-05-22T15:36:25 EET" skipped="0">
  <testcase classname="tests.E2E" name="create_person" time="0.049"/>
  <system-out/>
  <testcase classname="tests.E2E" name="updatePersonTest" time="0.050"/>
  <system-out/>
  <testcase classname="tests.E2E" name="deletePersonTest" time="0.030"/>
  <system-out/>
</testsuite> <!-- tests.E2E -->
