<?xml version="1.0" encoding="UTF-8"?>
<!-- Generated by org.testng.reporters.JUnitReportReporter -->
<testsuite hostname="DESKTOP-LJUN8GS" failures="0" tests="3" name="tests.E2E" time="0.801" errors="0" timestamp="2023-05-16T12:51:05 EET" skipped="0">
  <testcase classname="tests.E2E" name="E2ETest" time="0.509"/>
  <system-out/>
  <testcase classname="tests.E2E" name="E2ETest" time="0.138"/>
  <system-out/>
  <testcase classname="tests.E2E" name="E2ETest" time="0.154"/>
  <system-out/>
</testsuite> <!-- tests.E2E -->
