<?xml version="1.0" encoding="UTF-8"?>
<!-- Generated by org.testng.reporters.JUnitReportReporter -->
<testsuite hostname="DESKTOP-LJUN8GS" failures="0" tests="3" name="tests.CreatePersonTest" time="0.853" errors="0" timestamp="2023-05-16T12:51:05 EET" skipped="0">
  <testcase classname="tests.CreatePersonTest" name="create_person" time="0.774"/>
  <system-out/>
  <testcase classname="tests.CreatePersonTest" name="create_person" time="0.036"/>
  <system-out/>
  <testcase classname="tests.CreatePersonTest" name="create_person" time="0.043"/>
  <system-out/>
</testsuite> <!-- tests.CreatePersonTest -->
