<?xml version="1.0" encoding="UTF-8"?>
<!-- Generated by org.testng.reporters.JUnitReportReporter -->
<testsuite hostname="DESKTOP-LJUN8GS" failures="0" tests="1" name="tests.DeletePersonTest" time="0.054" errors="0" timestamp="2023-05-16T12:51:05 EET" skipped="0">
  <testcase classname="tests.DeletePersonTest" name="deletePersonTest" time="0.054"/>
  <system-out/>
</testsuite> <!-- tests.DeletePersonTest -->
