<?xml version="1.0" encoding="UTF-8"?>
<!-- Generated by org.testng.reporters.JUnitReportReporter -->
<testsuite hostname="DESKTOP-LJUN8GS" failures="0" tests="1" name="tests.GetAllPersons" time="0.086" errors="0" timestamp="2023-05-16T12:51:05 EET" skipped="0">
  <testcase classname="tests.GetAllPersons" name="testgetall" time="0.086"/>
  <system-out/>
</testsuite> <!-- tests.GetAllPersons -->
