<?xml version="1.0" encoding="UTF-8"?>
<!-- Generated by org.testng.reporters.JUnitReportReporter -->
<testsuite hostname="DESKTOP-LJUN8GS" failures="0" tests="1" name="tests.CreatePersonTest" time="1.427" errors="0" timestamp="2023-05-22T15:49:09 EET" skipped="0">
  <testcase classname="tests.CreatePersonTest" name="create_person" time="1.427"/>
  <system-out/>
</testsuite> <!-- tests.CreatePersonTest -->
