<?xml version="1.0" encoding="UTF-8"?>
<!-- Generated by org.testng.reporters.JUnitReportReporter -->
<testsuite hostname="DESKTOP-LJUN8GS" failures="0" tests="3" name="tests.PatchPersontest" time="0.147" errors="0" timestamp="2023-05-25T00:18:38 EET" skipped="0">
  <testcase classname="tests.PatchPersontest" name="create_person" time="0.067"/>
  <system-out/>
  <testcase classname="tests.PatchPersontest" name="updatePersonTest" time="0.067"/>
  <system-out/>
  <testcase classname="tests.PatchPersontest" name="deletePersonTest" time="0.013"/>
  <system-out/>
</testsuite> <!-- tests.PatchPersontest -->
