<?xml version="1.0" encoding="UTF-8"?>
<!-- Generated by org.testng.reporters.JUnitReportReporter -->
<testsuite hostname="DESKTOP-LJUN8GS" failures="0" tests="3" name="tests.E2E" time="0.115" errors="0" timestamp="2023-05-25T00:18:38 EET" skipped="0">
  <testcase classname="tests.E2E" name="create_person" time="0.047"/>
  <system-out/>
  <testcase classname="tests.E2E" name="updatePersonTest" time="0.035"/>
  <system-out/>
  <testcase classname="tests.E2E" name="deletePersonTest" time="0.033"/>
  <system-out/>
</testsuite> <!-- tests.E2E -->
