<?xml version="1.0" encoding="UTF-8"?>
<!-- Generated by org.testng.reporters.JUnitReportReporter -->
<testsuite hostname="DESKTOP-LJUN8GS" failures="0" tests="1" name="tests.SchemaValidator" time="0.206" errors="0" timestamp="2023-05-22T15:43:09 EET" skipped="0">
  <testcase classname="tests.SchemaValidator" name="testgetall" time="0.206"/>
  <system-out/>
</testsuite> <!-- tests.SchemaValidator -->
