<?xml version="1.0" encoding="UTF-8"?>
<!-- Generated by org.testng.reporters.JUnitReportReporter -->
<testsuite hostname="DESKTOP-LJUN8GS" failures="0" tests="2" name="tests.CreatePersonTest" time="1.260" errors="0" timestamp="2023-05-25T00:18:38 EET" skipped="0">
  <testcase classname="tests.CreatePersonTest" name="create_person" time="1.202"/>
  <system-out/>
  <testcase classname="tests.CreatePersonTest" name="deletePersonTest" time="0.058"/>
  <system-out/>
</testsuite> <!-- tests.CreatePersonTest -->
